The Witcher 3 - Wild Hunt
Hotline Miami 2 - Wrong Number
The Solus Project
Adobe Flash Player 21 ActiveX
Adobe Flash Player 21 NPAPI
Alien Isolation
Alternative Look for Yennefer
Arma III
AVG Web TuneUp
Bandisoft MPEG-1 Decoder
Battle.net
Battlelog Web Plugins
BattlEye Uninstall
BattlEye for OA Uninstall
Beard and Hairstyle Set
BitLord 2.4
Bound By Flame
Call of Duty - Advanced Warfare
Divinity II - DKS
DAEMON Tools Lite
Dark Souls III
Dead Rising 3 v.1.0
Fallout 4
Far Cry 4
Firewatch
Papers, Please
Google Chrome
Hearthstone
Heroes of the Storm
Blade & Soul
Lichdom: Battlemage
Mad Max v.1.0.1.1
Malwarebytes Anti-Malware version 2.1.8.1057
Middle-earth Shadow of Mordor version 1.0
Action!
Mozilla Firefox 42.0 (x86 en-US)
Mozilla Maintenance Service
NARUTO SHIPPUDEN Ultimate Ninja STORM 4
Naruto Shippuden Ultimate Ninja Storm Revolution
NARUTO SHIPPUDEN: Ultimate Ninja STORM 3 Full Burst
NCSOFT Game Launcher
New Quest - Contract Missing Miners
Notepad++
NVIDIA 3D Vision Controller Driver
NVIDIA Stereoscopic 3D Driver
Origin
PunkBuster Services
Rockstar Games Social Club
SpeeditupFree
Steam
XCOM: Enemy Unknown
Guns of Icarus Online
Arma 2: Operation Arrowhead Beta
Heroes & Generals
Dying Light
Watch_Dogs
Dirty Bomb
Arma 2
Arma 2: Operation Arrowhead
Garry's Mod
Counter-Strike: Global Offensive
Temerian Armor Set
The Vanishing of Ethan Carter v.1.0
TreeSize Free V2.6
Unity
Uplay
Tom Clancy's The Division
Tom Clancy's Rainbow Six Siege
VLC media player 2.1.3
WinPcap 4.1.3
WinRAR 4.01 (32-bit)
XCOM 2 v.1.0.0.30310
Microsoft Visual C++ 2013 Redistributable (x64) - 12.0.30501
PrrieCeMinuas
Microsoft Visual C++ 2013 x86 Minimum Runtime - 12.0.21005
Google Toolbar for Internet Explorer
Google Toolbar for Internet Explorer
DeepBurner v1.9.0.228
UE4 Prerequisites (x64)
Microsoft Visual C++ 2012 Redistributable (x86) - 11.0.61030
Microsoft Visual C++ 2008 Redistributable - x86 9.0.30729
Smite
Hi-Rez Studios Authenticate and Update Service
ActivInspire HWR Resources (ENU) v1
ActivInspire Help (USA) v2
Cisco LEAP Module
This War of Mine
Google Update Helper
Cisco EAP-FAST Module
Skype Click to Call
Microsoft Visual C++ 2005 Redistributable
Microsoft Visual C++ 2015 Redistributable (x86) - 14.0.23026
PCMark 7
DefianceRuntimes
Microsoft Visual C++ 2005 Redistributable
ActivInspire v2
Microsoft Visual F# 2.0 Runtime
Outcome
Realtek Ethernet Controller Driver
Visual Studio 2012 x86 Redistributables
Microsoft Visual C++ 2008 Redistributable - x86 9.0.30729.17
Microsoft Visual C++ 2008 Redistributable - x86 9.0.30729.7523
REALTEK Wireless LAN Driver and Utility
TERA
Microsoft Visual C++ 2015 x86 Minimum Runtime - 14.0.23026
Google Update Helper
Adobe Refresh Manager
Adobe Acrobat Reader DC
Ambient Aurea
Visual Python
Microsoft Visual C++ 2012 x86 Additional Runtime - 11.0.61030
@BIOS
Microsoft Visual C++ 2012 x86 Minimum Runtime - 11.0.61030
Microsoft Visual C++ 2015 x86 Additional Runtime - 14.0.23026
Blade & Soul
Microsoft Visual C++ 2012 Redistributable (x64) - 11.0.61030
Blade and Soul
Grand Theft Auto V
NVIDIA PhysX
Microsoft Visual C++ 2015 Redistributable (x64) - 14.0.23026
Cisco PEAP Module
Microsoft Visual C++ 2010 Redistributable - x86 10.0.40219
Realtek High Definition Audio Driver
Nero 7 Premium
Microsoft Visual C++ 2013 Redistributable (x86) - 12.0.30501
Microsoft Visual C++ 2013 x86 Additional Runtime - 12.0.21005
ActivInspire Core Resources (ENU) v1
Microsoft Visual C++ 2008 Redistributable - x86 9.0.21022
