These subkeys are found under "HKEY_LOCAL_MACHINE\Software\Microsoft\Windows\CurrentVersion\Uninstall"

********************************************************************************

Regkey: AddressBook
********************************************************************************

Display Name: ArcGIS ArcReader 10
Regkey: ArcGIS ArcReader 10
********************************************************************************

Regkey: Connection Manager
********************************************************************************

Regkey: DirectDrawEx
********************************************************************************

Regkey: Fontcore
********************************************************************************

Display Name: Google Chrome
Regkey: Google Chrome
********************************************************************************

Display Name: Heroku Toolbelt 3.42.24
Regkey: Heroku Toolbelt_is1
********************************************************************************

Regkey: IE40
********************************************************************************

Regkey: IE4Data
********************************************************************************

Regkey: IE5BAKEX
********************************************************************************

Regkey: IEData
********************************************************************************

Regkey: InstallShield Uninstall Information
********************************************************************************

Display Name: CyberLink YouCam
Regkey: InstallShield_{01FB4998-33C4-4431-85ED-079E3EEFE75D}
********************************************************************************

Display Name: CyberLink Power2Go 8
Regkey: InstallShield_{2A87D48D-3FDF-41fd-97CD-A1E370EFFFE2}
********************************************************************************

Display Name: HP Theft Recovery
Regkey: InstallShield_{B1E569B6-A5EB-4C97-9F93-9ED2AA99AF0E}
********************************************************************************

Display Name: CyberLink PowerDVD 12
Regkey: InstallShield_{B46BEA36-0B71-4A4E-AE41-87241643FA0A}
********************************************************************************

Display Name: Mario Forever v 2.16 !
Regkey: Mario Forever v 2.16 !
********************************************************************************

Display Name: Microsoft Help Viewer 2.1
Regkey: Microsoft Help Viewer 2.1
********************************************************************************

Regkey: MobileOptionPack
********************************************************************************

Display Name: Mozilla Firefox 44.0.1 (x86 he)
Regkey: Mozilla Firefox 44.0.1 (x86 he)
********************************************************************************

Display Name: Mozilla Maintenance Service
Regkey: MozillaMaintenanceService
********************************************************************************

Display Name: Microsoft Office Professional Plus 2013
Regkey: Office15.PROPLUS
********************************************************************************

Regkey: SchedulingAgent
********************************************************************************

Display Name: HP HD Webcam Driver
Regkey: Sunplus SPUVCb
********************************************************************************

Display Name: WampServer 2.5
Regkey: WampServer 2_is1
********************************************************************************

Regkey: WIC
********************************************************************************

Display Name: WinPcap 4.1.3
Regkey: WinPcapInst
********************************************************************************

Display Name: WinRAR 5.21 (32-bit)
Regkey: WinRAR archiver
********************************************************************************

Display Name: Microsoft LightSwitch for Visual Studio 2013 Core
Regkey: {0099B899-7894-3B1D-9FF3-5992F84E631F}
********************************************************************************

Display Name: CyberLink YouCam
Regkey: {01FB4998-33C4-4431-85ED-079E3EEFE75D}
********************************************************************************

Display Name: Microsoft Help Viewer 2.1
Regkey: {0398BFBC-991B-3275-9463-D2BF91B3C80B}
********************************************************************************

Display Name: Microsoft SQL Server 2012 T-SQL Language Service 
Regkey: {04DD7AF4-A6D3-4E30-9BB9-3B3670719234}
********************************************************************************

Display Name: Windows Runtime Intellisense Content - en-us
Regkey: {0610DFB0-CCEA-6EC0-E3C3-A0160AD7FD98}
********************************************************************************

Display Name: Visual F# 3.1 SDK
Regkey: {06EEE072-B561-38E5-85D9-485ABCBE8342}
********************************************************************************

Display Name: Microsoft System CLR Types for SQL Server 2012
Regkey: {070C38AC-05CE-43DF-9A20-141332F6AB2B}
********************************************************************************

Regkey: {079D9229-EA8C-4A43-A10F-4200EF6B86A1}
********************************************************************************

Display Name: HP Customer Experience Enhancements
Regkey: {07FA4960-B038-49EB-891B-9F95930AA544}
********************************************************************************

Display Name: Entity Framework Tools for Visual Studio 2013
Regkey: {08AEF86A-1956-4846-B906-B01350E96E30}
********************************************************************************

Display Name: Cisco PEAP Module
Regkey: {0A4EF0E6-A912-4CDE-A7F3-6E56E7C13A2F}
********************************************************************************

Display Name: Behaviors SDK (XAML) for Visual Studio
Regkey: {0B5E43C7-965D-4AF4-A33E-5FA35B6660C8}
********************************************************************************

Display Name: Microsoft Visual C++  x64 Libraries
Regkey: {0B698858-DAB0-4F9E-A10A-125B274EDA06}
********************************************************************************

Display Name: Blend for Visual Studio SDK for Silverlight 5
Regkey: {0C03A66F-1FF0-45F9-8D67-0D806EBFFBA1}
********************************************************************************

Display Name: Microsoft SQL Server Data Tools - enu (12.0.30919.1)
Regkey: {0D7FCBFB-F478-4D32-901C-83F0BF5A3501}
********************************************************************************

Display Name: HP 3D DriveGuard
Regkey: {13133E99-B0D5-4143-B832-AAD55C62A41C}
********************************************************************************

Display Name: Microsoft Visual C++ 2013 x86 Minimum Runtime - 12.0.21005
Regkey: {13A4EE12-23EA-3371-91EE-EFB36DDFFF3E}
********************************************************************************

Display Name:  Tools for .Net 3.5
Regkey: {1690CE56-2231-4E59-9006-A0876D949EA8}
********************************************************************************

Display Name: Microsoft SharePoint 2013 Developer Tools for Visual Studio
Regkey: {16A901BB-CD8E-3B48-9932-5927FB13508D}
********************************************************************************

Display Name: Microsoft .NET Framework 4.5.1 SDK
Regkey: {19A5926D-66E1-46FC-854D-163AA10A52D3}
********************************************************************************

Display Name: Microsoft SQL Server 2012 Data-Tier App Framework 
Regkey: {1B876496-B3A2-4D22-9B12-B608A3FD4B8B}
********************************************************************************

Regkey: {1D8E6291-B0D5-35EC-8441-6616F567A0F7}.KB2151757
********************************************************************************

Regkey: {1D8E6291-B0D5-35EC-8441-6616F567A0F7}.KB2467173
********************************************************************************

Regkey: {1D8E6291-B0D5-35EC-8441-6616F567A0F7}.KB2524860
********************************************************************************

Regkey: {1D8E6291-B0D5-35EC-8441-6616F567A0F7}.KB2544655
********************************************************************************

Regkey: {1D8E6291-B0D5-35EC-8441-6616F567A0F7}.KB2549743
********************************************************************************

Regkey: {1D8E6291-B0D5-35EC-8441-6616F567A0F7}.KB2565063
********************************************************************************

Regkey: {1D8E6291-B0D5-35EC-8441-6616F567A0F7}.KB982573
********************************************************************************

Display Name: Microsoft Visual C++ 2008 Redistributable - x86 9.0.30729.4148
Regkey: {1F1C2DFC-2D24-3E06-BCB8-725134ADF989}
********************************************************************************

Display Name: Dotfuscator and Analytics Community Edition
Regkey: {2386192E-D6DB-4AD2-9564-65586A0AE53E}
********************************************************************************

Display Name: HP ESU for Microsoft Windows 7
Regkey: {240B2BF7-E7E6-425C-A2A4-A3149189BF7F}
********************************************************************************

Display Name: Intel(R) USB 3.0 eXtensible Host Controller Driver
Regkey: {240C3DDD-C5E9-4029-9DF7-95650D040CF2}
********************************************************************************

Display Name: Java(TM) 6 Update 29
Regkey: {26A24AE4-039D-4CA4-87B4-2F83216029FF}
********************************************************************************

Display Name: CyberLink Power2Go 8
Regkey: {2A87D48D-3FDF-41fd-97CD-A1E370EFFFE2}
********************************************************************************

Display Name: Microsoft SQL Server 2012 Management Objects 
Regkey: {2F7DBBE6-8EBC-495C-9041-46A772F4E311}
********************************************************************************

Display Name: Microsoft Visual C++  x64-arm Cross Compilers
Regkey: {30F2491C-9410-4DB1-BE66-77B360B1F484}
********************************************************************************

Display Name: Microsoft Visual Studio Premium 2013
Regkey: {335b362f-f680-4aa4-8c0a-47bfdb5d242d}
********************************************************************************

Display Name: HP SoftPaq Download Manager
Regkey: {34FF930E-DBF9-4858-BAB5-BAC957BF616E}
********************************************************************************

Display Name: Prerequisites for SSDT 
Regkey: {35C1D9D6-87C0-46A3-B1B4-EDBCC063221C}
********************************************************************************

Display Name: opensource
Regkey: {3677D4D8-E5E0-49FC-B86E-06541CF00BBE}
********************************************************************************

Display Name: Windows Software Development Kit for Windows Store Apps
Regkey: {37464E70-B0B9-9DFF-649A-CBE169BAD657}
********************************************************************************

Display Name: Blend for Visual Studio SDK for .NET 4.5
Regkey: {37E53780-3944-4A6A-842F-727128E8616E}
********************************************************************************

Display Name: Microsoft Visual C++ 2012 x86 Additional Runtime - 11.0.60610
Regkey: {3D6AD258-61EA-35F5-812C-B7A02152996E}
********************************************************************************

Display Name: Microsoft NuGet - Visual Studio 2013
Regkey: {3E456233-1EA5-42ED-8556-0481BA728B41}
********************************************************************************

Display Name: Open XML SDK 2.5 for Microsoft Office
Regkey: {3EA16E23-14D2-466A-8268-D7CD40DC46B6}
********************************************************************************

Display Name: AzureTools.Notifications
Regkey: {3FBFCF2C-392A-4632-9442-14C305B44D5E}
********************************************************************************

Display Name: Windows Azure Mobile Services SDK
Regkey: {4345E9A5-1300-4710-919D-077BA7E6B3DA}
********************************************************************************

Display Name: HP Setup
Regkey: {438363A8-F486-4C37-834C-4955773CB3D3}
********************************************************************************

Display Name: WCF Data Services 5.6.0 Runtime
Regkey: {46910786-E4AC-41E4-A4A0-C086EA85242D}
********************************************************************************

Display Name: LocalESPC Dev12
Regkey: {492498A3-F88C-FE2F-755C-9B1B91724CA5}
********************************************************************************

Display Name: Microsoft Visual Studio 2013 Team Explorer Language Pack - ENU
Regkey: {492FCC0B-45E1-383A-A2CF-9E7F305AC200}
********************************************************************************

Display Name: Java Auto Updater
Regkey: {4A03706F-666A-4037-7777-5F2748764D10}
********************************************************************************

Display Name: Microsoft .NET Framework 4.5 SDK
Regkey: {4AE57014-05C4-4864-A13D-86517A7E1BA4}
********************************************************************************

Display Name: Microsoft Visual Studio 2013 Preparation
Regkey: {51B17CAB-7FAC-48C9-A994-04CE379A9034}
********************************************************************************

Display Name: HP Documentation
Regkey: {53AE55F3-8E99-4776-A347-06222894ECD3}
********************************************************************************

Display Name: Microsoft Visual Studio 2013 Shell (Minimum)
Regkey: {5411060C-8F8C-393D-8D3B-26AF2C92FABB}
********************************************************************************

Display Name: Microsoft Visual C++ 2013 Microsoft Foundation Class Libraries
Regkey: {5481F163-B9E5-30A8-8441-4DBBB87D6AA2}
********************************************************************************

Display Name: Windows Software Development Kit for Windows Store Apps DirectX x86 Remote
Regkey: {56AD3004-0B49-967F-F682-B05650B61A78}
********************************************************************************

Display Name: Microsoft .NET Framework 4.5 Multi-Targeting Pack
Regkey: {56E962F0-4FB0-3C67-88DB-9EAA6EEFC493}
********************************************************************************

Display Name: HP PageLift
Regkey: {59202086-BEA1-411A-8AA4-A5DCD28FF537}
********************************************************************************

Display Name: Realtek Card Reader
Regkey: {5BC2B5AB-80DE-4E83-B8CF-426902051D0A}
********************************************************************************

Display Name: Windows Software Development Kit
Regkey: {5D5CFAD6-9F93-8C63-3EB0-B6A0D3D4BD12}
********************************************************************************

Display Name: WCF RIA Services V1.0 SP2
Regkey: {5D8DD6A8-C4D7-4554-93F9-F1CC28C72600}
********************************************************************************

Display Name: Foxit PhantomPDF
Regkey: {5F3E0897-97AA-4FC2-A0A9-130A39D0FDFB}
********************************************************************************

Display Name: Google Update Helper
Regkey: {60EC980A-BDA2-4CB6-A427-B07A5498B4CA}
********************************************************************************

Display Name: Visual F# 3.1 VS
Regkey: {6321F2D4-366B-3AE4-877A-8E539EC3331A}
********************************************************************************

Display Name: HP File Sanitizer
Regkey: {6349342F-9CEF-4A70-995A-2CF3704C2603}
********************************************************************************

Display Name: Microsoft ASP.NET Web Pages 2 - Visual Studio 2013 - ENU
Regkey: {64297226-2B81-4588-89BD-76440BC0BCFC}
********************************************************************************

Display Name: Cisco EAP-FAST Module
Regkey: {64BF0187-F3D2-498B-99EA-163AF9AE6EC9}
********************************************************************************

Display Name: Intel(R) Management Engine Components
Regkey: {65153EA5-8B6E-43B6-857B-C6E4FC25798A}
********************************************************************************

Display Name: iTest
Regkey: {66F1845B-3F5C-404C-87B7-BC787FFA2C67}
********************************************************************************

Display Name: Microsoft SQL Server Data Tools Build Utilities - enu (12.0.30919.1)
Regkey: {6781FF9B-E87D-4A03-9373-A55A288B83FA}
********************************************************************************

Display Name: Microsoft Visual C++ 2013 x86-x64 Compilers
Regkey: {678800C0-D94E-4513-89CB-478F2B781A0B}
********************************************************************************

Display Name: Microsoft .NET Framework 4.5.1 Multi-Targeting Pack
Regkey: {6A0C6700-EA93-372C-8871-DCCF13D160A4}
********************************************************************************

Display Name: Microsoft Advertising SDK for Windows 8.1 - ENU
Regkey: {6AB13C21-C3EC-46E1-8009-6FD5EBEE515B}
********************************************************************************

Display Name: Microsoft Visual C++ 2013 32bit Compilers - ENU Resources
Regkey: {6C06FEE9-C64E-453F-B8A5-D9E9B79ED040}
********************************************************************************

Display Name: Microsoft Exchange Web Services Managed API 2.0
Regkey: {6EE9E2DF-2CD7-4952-A649-95DEA8697BD8}
********************************************************************************

Display Name: Hewlett-Packard ACLM.NET v1.2.2.3
Regkey: {6F340107-F9AA-47C6-B54C-C3A19F11553F}
********************************************************************************

Display Name: Microsoft Visual C++ 2005 Redistributable
Regkey: {710f4c1c-cc18-4c49-8cbf-51240c89a1a2}
********************************************************************************

Display Name: Windows Azure Tools for LightSwitch for Visual Studio 2013 - v2.1
Regkey: {72076159-B94A-42AE-A64C-CA3855E9CB28}
********************************************************************************

Display Name: Microsoft Visual Studio 2013 Profiling Tools
Regkey: {721C380F-E296-4118-9ACE-589E8EF86208}
********************************************************************************

Display Name: Microsoft ASP.NET Web Frameworks and Tools - Visual Studio 2013 - ENU
Regkey: {794D38B6-C8B2-4DFC-BF1B-122233A336F3}
********************************************************************************

Display Name: Microsoft LightSwitch for Visual Studio 2013 CoreRes - ENU
Regkey: {82DAD82D-0139-3F7A-A22F-67A694F9CAA4}
********************************************************************************

Display Name: Microsoft Visual C++ 2013 Core Libraries
Regkey: {84D88F57-4130-30FE-A0B6-1E04428FE1F6}
********************************************************************************

Display Name: Realtek Ethernet Controller Driver
Regkey: {8833FFB6-5B0C-4764-81AA-06DFEED9A476}
********************************************************************************

Display Name: HP Hotkey Support
Regkey: {88D3964A-59BE-412B-B61F-6EF5FBB33707}
********************************************************************************

Display Name: HP Support Assistant
Regkey: {8C696B4B-6AB1-44BC-9416-96EAC474CABE}
********************************************************************************

Display Name: Microsoft Office Professional Plus 2013
Regkey: {90150000-0011-0000-0000-0000000FF1CE}
********************************************************************************

Display Name: Update for Microsoft Office 2013 (KB2881035) 32-Bit Edition
Regkey: {90150000-0011-0000-0000-0000000FF1CE}_Office15.PROPLUS_{01B80B63-C638-4004-9148-75B8C8518B1E}
********************************************************************************

Display Name: Update for Microsoft Office 2013 (KB2881039) 32-Bit Edition
Regkey: {90150000-0011-0000-0000-0000000FF1CE}_Office15.PROPLUS_{1B208923-2810-414F-82CC-AFFC1B19563F}
********************************************************************************

Display Name: Update for Microsoft Office 2013 (KB2883049) 32-Bit Edition
Regkey: {90150000-0011-0000-0000-0000000FF1CE}_Office15.PROPLUS_{1C6260FD-A280-49FE-89D0-CCEC647FBD8E}
********************************************************************************

Display Name: Update for Microsoft Visio Viewer 2013 (KB2817301) 32-Bit Edition
Regkey: {90150000-0011-0000-0000-0000000FF1CE}_Office15.PROPLUS_{25C61889-2E44-4BE1-9E96-9364BFDCF501}
********************************************************************************

Display Name: Update for Microsoft Office 2013 (KB2881001) 32-Bit Edition
Regkey: {90150000-0011-0000-0000-0000000FF1CE}_Office15.PROPLUS_{31849233-AD8B-42D7-9AE1-74C79C8E8C03}
********************************************************************************

Display Name: Update for Microsoft Office 2013 (KB2760544) 32-Bit Edition
Regkey: {90150000-0011-0000-0000-0000000FF1CE}_Office15.PROPLUS_{45B7D395-EB9B-414F-9E46-5849B42326E2}
********************************************************************************

Display Name: Update for Microsoft Word 2013 (KB2889939) 32-Bit Edition
Regkey: {90150000-0011-0000-0000-0000000FF1CE}_Office15.PROPLUS_{549B6392-4113-45E8-908F-DBC9C13EEFF3}
********************************************************************************

Display Name: Update for Microsoft Lync 2013 (KB2889929) 32-Bit Edition
Regkey: {90150000-0011-0000-0000-0000000FF1CE}_Office15.PROPLUS_{5739A229-D2C6-4579-A21F-B7AFD1834DFD}
********************************************************************************

Display Name: Update for Microsoft Office 2013 (KB2880462) 32-Bit Edition
Regkey: {90150000-0011-0000-0000-0000000FF1CE}_Office15.PROPLUS_{5D6439FF-D651-4B13-B52E-2508AB9DE19D}
********************************************************************************

Display Name: Update for Microsoft Office 2013 (KB2768012) 32-Bit Edition
Regkey: {90150000-0011-0000-0000-0000000FF1CE}_Office15.PROPLUS_{66421820-D3CA-450A-898C-78D7E40108E6}
********************************************************************************

Display Name: Update for Microsoft Excel 2013 (KB2889941) 32-Bit Edition
Regkey: {90150000-0011-0000-0000-0000000FF1CE}_Office15.PROPLUS_{689703D1-CC80-420B-92BD-4DA9D0CA19DE}
********************************************************************************

Display Name: Update for Microsoft Publisher 2013 (KB2880999) 32-Bit Edition
Regkey: {90150000-0011-0000-0000-0000000FF1CE}_Office15.PROPLUS_{7500AD77-83C6-400B-8B2F-F8E401A7B697}
********************************************************************************

Display Name: Update for Microsoft Office 2013 (KB2881009) 32-Bit Edition
Regkey: {90150000-0011-0000-0000-0000000FF1CE}_Office15.PROPLUS_{7A3EF4FF-A9C8-4F7E-8020-A45F7D319387}
********************************************************************************

Display Name: Update for Microsoft Office 2013 (KB2883095) 32-Bit Edition
Regkey: {90150000-0011-0000-0000-0000000FF1CE}_Office15.PROPLUS_{7A9AB1AE-98B5-4B45-86B8-33A7B946D7CA}
********************************************************************************

Display Name: Update for Microsoft Office 2013 (KB2880478) 32-Bit Edition
Regkey: {90150000-0011-0000-0000-0000000FF1CE}_Office15.PROPLUS_{7C5CEE0F-6823-4BB7-A28F-76FEC14EB6AC}
********************************************************************************

Display Name: Service Pack 1 for Microsoft Office 2013 (KB2850036) 32-Bit Edition
Regkey: {90150000-0011-0000-0000-0000000FF1CE}_Office15.PROPLUS_{7F6C4883-A18C-459A-82C1-A2F9403F2DA6}
********************************************************************************

Display Name: Update for Microsoft Office 2013 (KB2889940) 32-Bit Edition
Regkey: {90150000-0011-0000-0000-0000000FF1CE}_Office15.PROPLUS_{8954CA3D-B2C9-41B3-B97C-38146FE13D0C}
********************************************************************************

Display Name: Update for Microsoft Outlook 2013 (KB2986204) 32-Bit Edition
Regkey: {90150000-0011-0000-0000-0000000FF1CE}_Office15.PROPLUS_{8C0211A0-1712-42C2-9F2B-D0356D437D02}
********************************************************************************

Display Name: Update for Microsoft Office 2013 (KB2760249) 32-Bit Edition
Regkey: {90150000-0011-0000-0000-0000000FF1CE}_Office15.PROPLUS_{8C07AD38-38EB-4332-BCB3-F55A77C927DF}
********************************************************************************

Display Name: Update for Microsoft Office 2013 (KB2889927) 32-Bit Edition
Regkey: {90150000-0011-0000-0000-0000000FF1CE}_Office15.PROPLUS_{8C5E45EF-C212-4DE2-AFEA-DA09B4E88FFB}
********************************************************************************

Display Name: Security Update for Microsoft Office 2013 (KB2880502) 32-Bit Edition
Regkey: {90150000-0011-0000-0000-0000000FF1CE}_Office15.PROPLUS_{90E7A66B-723D-4790-824A-6E4EEC0C2CBA}
********************************************************************************

Display Name: Definition Update for Microsoft Office 2013 (KB2760587) 32-Bit Edition
Regkey: {90150000-0011-0000-0000-0000000FF1CE}_Office15.PROPLUS_{A532D06B-2752-4489-B33C-1B6F1292C3EF}
********************************************************************************

Display Name: Update for Microsoft Office 2013 (KB2760344) 32-Bit Edition
Regkey: {90150000-0011-0000-0000-0000000FF1CE}_Office15.PROPLUS_{A7610F07-E844-4444-8E1D-D5BC8AD0B4C5}
********************************************************************************

Display Name: Update for Microsoft Word 2013 (KB2878319) 32-Bit Edition
Regkey: {90150000-0011-0000-0000-0000000FF1CE}_Office15.PROPLUS_{A7CD05CC-CA85-428C-91FD-74A908D126E1}
********************************************************************************

Display Name: Update for Microsoft Office 2013 (KB2863843) 32-Bit Edition
Regkey: {90150000-0011-0000-0000-0000000FF1CE}_Office15.PROPLUS_{AD7045B8-1D75-4B4C-8120-12F045D206C7}
********************************************************************************

Display Name: Update for Microsoft Office 2013 (KB2883036) 32-Bit Edition
Regkey: {90150000-0011-0000-0000-0000000FF1CE}_Office15.PROPLUS_{B8E73381-09B1-4895-ACD0-34385B0F526D}
********************************************************************************

Display Name: Update for Microsoft OneNote 2013 (KB2883059) 32-Bit Edition
Regkey: {90150000-0011-0000-0000-0000000FF1CE}_Office15.PROPLUS_{BB860F2F-62A2-496D-8780-5A18B48F206A}
********************************************************************************

Display Name: Update for Microsoft OneDrive for Business (KB3000731) 32-Bit Edition
Regkey: {90150000-0011-0000-0000-0000000FF1CE}_Office15.PROPLUS_{BCBDB9F1-18C8-473C-9989-0B66ECC7B306}
********************************************************************************

Display Name: Update for Microsoft Office 2013 (KB2889942) 32-Bit Edition
Regkey: {90150000-0011-0000-0000-0000000FF1CE}_Office15.PROPLUS_{DA44AFB4-27ED-45F5-8499-1778400883B1}
********************************************************************************

Display Name: Update for Microsoft Office 2013 (KB2881004) 32-Bit Edition
Regkey: {90150000-0011-0000-0000-0000000FF1CE}_Office15.PROPLUS_{E30FBD0C-8EDB-4233-9B65-58FEA0C9A5BA}
********************************************************************************

Display Name: Update for Microsoft PowerPoint 2013 (KB2889847) 32-Bit Edition
Regkey: {90150000-0011-0000-0000-0000000FF1CE}_Office15.PROPLUS_{F080A0ED-070F-4E33-833F-CF893968E6A8}
********************************************************************************

Display Name: Update for Microsoft Office 2013 (KB2881012) 32-Bit Edition
Regkey: {90150000-0011-0000-0000-0000000FF1CE}_Office15.PROPLUS_{F97A43AC-162A-4874-B1AD-0C98A411D12C}
********************************************************************************

Display Name: Update for Microsoft Office 2013 (KB2760371) 32-Bit Edition
Regkey: {90150000-0011-0000-0000-0000000FF1CE}_Office15.PROPLUS_{FFF87DE6-6602-4F65-BD75-D481E0539DCD}
********************************************************************************

Display Name: Microsoft Access MUI (Hebrew) 2013
Regkey: {90150000-0015-040D-0000-0000000FF1CE}
********************************************************************************

Display Name: Service Pack 1 for Microsoft Office 2013 (KB2850036) 32-Bit Edition
Regkey: {90150000-0015-040D-0000-0000000FF1CE}_Office15.PROPLUS_{6FE075D9-5588-4CB1-9136-188940B32DED}
********************************************************************************

Display Name: Microsoft Excel MUI (Hebrew) 2013
Regkey: {90150000-0016-040D-0000-0000000FF1CE}
********************************************************************************

Display Name: Update for Microsoft Office 2013 (KB2881035) 32-Bit Edition
Regkey: {90150000-0016-040D-0000-0000000FF1CE}_Office15.PROPLUS_{01B80B63-C638-4004-9148-75B8C8518B1E}
********************************************************************************

Display Name: Update for Microsoft Excel 2013 (KB2889941) 32-Bit Edition
Regkey: {90150000-0016-040D-0000-0000000FF1CE}_Office15.PROPLUS_{689703D1-CC80-420B-92BD-4DA9D0CA19DE}
********************************************************************************

Display Name: Service Pack 1 for Microsoft Office 2013 (KB2850036) 32-Bit Edition
Regkey: {90150000-0016-040D-0000-0000000FF1CE}_Office15.PROPLUS_{6FE075D9-5588-4CB1-9136-188940B32DED}
********************************************************************************

Display Name: Update for Microsoft Office 2013 (KB2881004) 32-Bit Edition
Regkey: {90150000-0016-040D-0000-0000000FF1CE}_Office15.PROPLUS_{E30FBD0C-8EDB-4233-9B65-58FEA0C9A5BA}
********************************************************************************

Display Name: Microsoft PowerPoint MUI (Hebrew) 2013
Regkey: {90150000-0018-040D-0000-0000000FF1CE}
********************************************************************************

Display Name: Update for Microsoft Excel 2013 (KB2889941) 32-Bit Edition
Regkey: {90150000-0018-040D-0000-0000000FF1CE}_Office15.PROPLUS_{689703D1-CC80-420B-92BD-4DA9D0CA19DE}
********************************************************************************

Display Name: Service Pack 1 for Microsoft Office 2013 (KB2850036) 32-Bit Edition
Regkey: {90150000-0018-040D-0000-0000000FF1CE}_Office15.PROPLUS_{6FE075D9-5588-4CB1-9136-188940B32DED}
********************************************************************************

Display Name: Update for Microsoft PowerPoint 2013 (KB2889847) 32-Bit Edition
Regkey: {90150000-0018-040D-0000-0000000FF1CE}_Office15.PROPLUS_{F080A0ED-070F-4E33-833F-CF893968E6A8}
********************************************************************************

Display Name: Microsoft Publisher MUI (Hebrew) 2013
Regkey: {90150000-0019-040D-0000-0000000FF1CE}
********************************************************************************

Display Name: Service Pack 1 for Microsoft Office 2013 (KB2850036) 32-Bit Edition
Regkey: {90150000-0019-040D-0000-0000000FF1CE}_Office15.PROPLUS_{6FE075D9-5588-4CB1-9136-188940B32DED}
********************************************************************************

Display Name: Update for Microsoft Publisher 2013 (KB2880999) 32-Bit Edition
Regkey: {90150000-0019-040D-0000-0000000FF1CE}_Office15.PROPLUS_{7500AD77-83C6-400B-8B2F-F8E401A7B697}
********************************************************************************

Display Name: Microsoft Outlook MUI (Hebrew) 2013
Regkey: {90150000-001A-040D-0000-0000000FF1CE}
********************************************************************************

Display Name: Update for Microsoft Word 2013 (KB2889939) 32-Bit Edition
Regkey: {90150000-001A-040D-0000-0000000FF1CE}_Office15.PROPLUS_{549B6392-4113-45E8-908F-DBC9C13EEFF3}
********************************************************************************

Display Name: Service Pack 1 for Microsoft Office 2013 (KB2850036) 32-Bit Edition
Regkey: {90150000-001A-040D-0000-0000000FF1CE}_Office15.PROPLUS_{6FE075D9-5588-4CB1-9136-188940B32DED}
********************************************************************************

Display Name: Update for Microsoft Outlook 2013 (KB2986204) 32-Bit Edition
Regkey: {90150000-001A-040D-0000-0000000FF1CE}_Office15.PROPLUS_{8C0211A0-1712-42C2-9F2B-D0356D437D02}
********************************************************************************

Display Name: Microsoft Word MUI (Hebrew) 2013
Regkey: {90150000-001B-040D-0000-0000000FF1CE}
********************************************************************************

Display Name: Update for Microsoft Word 2013 (KB2889939) 32-Bit Edition
Regkey: {90150000-001B-040D-0000-0000000FF1CE}_Office15.PROPLUS_{549B6392-4113-45E8-908F-DBC9C13EEFF3}
********************************************************************************

Display Name: Update for Microsoft Excel 2013 (KB2889941) 32-Bit Edition
Regkey: {90150000-001B-040D-0000-0000000FF1CE}_Office15.PROPLUS_{689703D1-CC80-420B-92BD-4DA9D0CA19DE}
********************************************************************************

Display Name: Service Pack 1 for Microsoft Office 2013 (KB2850036) 32-Bit Edition
Regkey: {90150000-001B-040D-0000-0000000FF1CE}_Office15.PROPLUS_{6FE075D9-5588-4CB1-9136-188940B32DED}
********************************************************************************

Display Name: Microsoft Office Proofing Tools 2013 - ????? ???????
Regkey: {90150000-001F-0401-0000-0000000FF1CE}
********************************************************************************

Display Name: Service Pack 1 for Microsoft Office 2013 (KB2850036) 32-Bit Edition
Regkey: {90150000-001F-0401-0000-0000000FF1CE}_Office15.PROPLUS_{351E3E84-CD58-401D-AEFD-147BDBBAA1C7}
********************************************************************************

Display Name: Update for Microsoft Office 2013 (KB2883060) 32-Bit Edition
Regkey: {90150000-001F-0401-0000-0000000FF1CE}_Office15.PROPLUS_{61D30000-8CE5-49BB-A2C1-A084076E3D89}
********************************************************************************

Display Name: Microsoft Office Proofing Tools 2013 - English
Regkey: {90150000-001F-0409-0000-0000000FF1CE}
********************************************************************************

Display Name: Service Pack 1 for Microsoft Office 2013 (KB2850036) 32-Bit Edition
Regkey: {90150000-001F-0409-0000-0000000FF1CE}_Office15.PROPLUS_{1F79A96A-2A70-45B3-8A5C-79DA61952879}
********************************************************************************

Display Name: Update for Microsoft Office 2013 (KB2883060) 32-Bit Edition
Regkey: {90150000-001F-0409-0000-0000000FF1CE}_Office15.PROPLUS_{DA288EB3-648C-433C-88AC-71AEAAFAACF7}
********************************************************************************

Regkey: {90150000-001F-040C-0000-0000000FF1CE}
********************************************************************************

Display Name: Update for Microsoft Office 2013 (KB2883060) 32-Bit Edition
Regkey: {90150000-001F-040C-0000-0000000FF1CE}_Office15.PROPLUS_{51865C36-97D4-4210-A33E-50BCC8CDDF72}
********************************************************************************

Display Name: Service Pack 1 for Microsoft Office 2013 (KB2850036) 32-Bit Edition
Regkey: {90150000-001F-040C-0000-0000000FF1CE}_Office15.PROPLUS_{9BB6CB7C-80E3-4F73-8A82-E3D88A3721BE}
********************************************************************************

Regkey: {90150000-001F-040D-0000-0000000FF1CE}
********************************************************************************

Display Name: Update for Microsoft Office 2013 (KB2883060) 32-Bit Edition
Regkey: {90150000-001F-040D-0000-0000000FF1CE}_Office15.PROPLUS_{66BA2D73-4F1C-4CA4-A61E-E5F6F9166D4F}
********************************************************************************

Display Name: Service Pack 1 for Microsoft Office 2013 (KB2850036) 32-Bit Edition
Regkey: {90150000-001F-040D-0000-0000000FF1CE}_Office15.PROPLUS_{F152356A-1351-49AE-8484-2E5B940FBCA0}
********************************************************************************

Regkey: {90150000-001F-0419-0000-0000000FF1CE}
********************************************************************************

Display Name: Update for Microsoft Office 2013 (KB2883060) 32-Bit Edition
Regkey: {90150000-001F-0419-0000-0000000FF1CE}_Office15.PROPLUS_{4AD8D4EB-C8F5-4667-9BFF-F0299B6244B3}
********************************************************************************

Display Name: Service Pack 1 for Microsoft Office 2013 (KB2850036) 32-Bit Edition
Regkey: {90150000-001F-0419-0000-0000000FF1CE}_Office15.PROPLUS_{C6DC1210-DEE5-4D61-B9F4-05437DC80A0E}
********************************************************************************

Display Name: Update for Microsoft Lync 2013 (KB2889929) 32-Bit Edition
Regkey: {90150000-002A-0000-1000-0000000FF1CE}_Office15.PROPLUS_{5739A229-D2C6-4579-A21F-B7AFD1834DFD}
********************************************************************************

Display Name: Service Pack 1 for Microsoft Office 2013 (KB2850036) 32-Bit Edition
Regkey: {90150000-002A-0000-1000-0000000FF1CE}_Office15.PROPLUS_{7A8FE9A6-2BBC-48F7-A2CF-2578F60EC895}
********************************************************************************

Display Name: Update for Microsoft Office 2013 (KB2863843) 32-Bit Edition
Regkey: {90150000-002A-0000-1000-0000000FF1CE}_Office15.PROPLUS_{AD7045B8-1D75-4B4C-8120-12F045D206C7}
********************************************************************************

Display Name: Update for Microsoft OneNote 2013 (KB2883059) 32-Bit Edition
Regkey: {90150000-002A-0000-1000-0000000FF1CE}_Office15.PROPLUS_{BB860F2F-62A2-496D-8780-5A18B48F206A}
********************************************************************************

Display Name: Update for Microsoft OneDrive for Business (KB3000731) 32-Bit Edition
Regkey: {90150000-002A-0000-1000-0000000FF1CE}_Office15.PROPLUS_{BCBDB9F1-18C8-473C-9989-0B66ECC7B306}
********************************************************************************

Display Name: Update for Microsoft Office 2013 (KB2889942) 32-Bit Edition
Regkey: {90150000-002A-0000-1000-0000000FF1CE}_Office15.PROPLUS_{DA44AFB4-27ED-45F5-8499-1778400883B1}
********************************************************************************

Display Name: Service Pack 1 for Microsoft Office 2013 (KB2850036) 32-Bit Edition
Regkey: {90150000-002A-040D-1000-0000000FF1CE}_Office15.PROPLUS_{8C431079-0D2A-4794-8988-B0337402ECD4}
********************************************************************************

Display Name: Update for Microsoft OneDrive for Business (KB3000731) 32-Bit Edition
Regkey: {90150000-002A-040D-1000-0000000FF1CE}_Office15.PROPLUS_{BCBDB9F1-18C8-473C-9989-0B66ECC7B306}
********************************************************************************

Display Name: Microsoft Office Proofing (Hebrew) 2013
Regkey: {90150000-002C-040D-0000-0000000FF1CE}
********************************************************************************

Display Name: Service Pack 1 for Microsoft Office 2013 (KB2850036) 32-Bit Edition
Regkey: {90150000-002C-040D-0000-0000000FF1CE}_Office15.PROPLUS_{6C806D29-F7EC-4585-B7BD-0CA595694EF2}
********************************************************************************

Display Name: Microsoft InfoPath MUI (Hebrew) 2013
Regkey: {90150000-0044-040D-0000-0000000FF1CE}
********************************************************************************

Display Name: Service Pack 1 for Microsoft Office 2013 (KB2850036) 32-Bit Edition
Regkey: {90150000-0044-040D-0000-0000000FF1CE}_Office15.PROPLUS_{6FE075D9-5588-4CB1-9136-188940B32DED}
********************************************************************************

Display Name: Microsoft Office Shared MUI (Hebrew) 2013
Regkey: {90150000-006E-040D-0000-0000000FF1CE}
********************************************************************************

Display Name: Service Pack 1 for Microsoft Office 2013 (KB2850036) 32-Bit Edition
Regkey: {90150000-006E-040D-0000-0000000FF1CE}_Office15.PROPLUS_{040DA335-04DF-4DE9-B5AC-D6A71CCAE9DD}
********************************************************************************

Display Name: Update for Microsoft Visio Viewer 2013 (KB2817301) 32-Bit Edition
Regkey: {90150000-006E-040D-0000-0000000FF1CE}_Office15.PROPLUS_{25C61889-2E44-4BE1-9E96-9364BFDCF501}
********************************************************************************

Display Name: Update for Microsoft Office 2013 (KB2880462) 32-Bit Edition
Regkey: {90150000-006E-040D-0000-0000000FF1CE}_Office15.PROPLUS_{5D6439FF-D651-4B13-B52E-2508AB9DE19D}
********************************************************************************

Display Name: Update for Microsoft Excel 2013 (KB2889941) 32-Bit Edition
Regkey: {90150000-006E-040D-0000-0000000FF1CE}_Office15.PROPLUS_{689703D1-CC80-420B-92BD-4DA9D0CA19DE}
********************************************************************************

Display Name: Update for Microsoft Office 2013 (KB2889927) 32-Bit Edition
Regkey: {90150000-006E-040D-0000-0000000FF1CE}_Office15.PROPLUS_{8C5E45EF-C212-4DE2-AFEA-DA09B4E88FFB}
********************************************************************************

Display Name: Microsoft DCF MUI (Hebrew) 2013
Regkey: {90150000-0090-040D-0000-0000000FF1CE}
********************************************************************************

Display Name: Service Pack 1 for Microsoft Office 2013 (KB2850036) 32-Bit Edition
Regkey: {90150000-0090-040D-0000-0000000FF1CE}_Office15.PROPLUS_{6FE075D9-5588-4CB1-9136-188940B32DED}
********************************************************************************

Display Name: Microsoft OneNote MUI (Hebrew) 2013
Regkey: {90150000-00A1-040D-0000-0000000FF1CE}
********************************************************************************

Display Name: Service Pack 1 for Microsoft Office 2013 (KB2850036) 32-Bit Edition
Regkey: {90150000-00A1-040D-0000-0000000FF1CE}_Office15.PROPLUS_{6FE075D9-5588-4CB1-9136-188940B32DED}
********************************************************************************

Display Name: Update for Microsoft OneNote 2013 (KB2883059) 32-Bit Edition
Regkey: {90150000-00A1-040D-0000-0000000FF1CE}_Office15.PROPLUS_{BB860F2F-62A2-496D-8780-5A18B48F206A}
********************************************************************************

Display Name: Microsoft Groove MUI (Hebrew) 2013
Regkey: {90150000-00BA-040D-0000-0000000FF1CE}
********************************************************************************

Display Name: Service Pack 1 for Microsoft Office 2013 (KB2850036) 32-Bit Edition
Regkey: {90150000-00BA-040D-0000-0000000FF1CE}_Office15.PROPLUS_{6FE075D9-5588-4CB1-9136-188940B32DED}
********************************************************************************

Display Name: Update for Microsoft OneDrive for Business (KB3000731) 32-Bit Edition
Regkey: {90150000-00BA-040D-0000-0000000FF1CE}_Office15.PROPLUS_{BCBDB9F1-18C8-473C-9989-0B66ECC7B306}
********************************************************************************

Display Name: Microsoft Office OSM MUI (Hebrew) 2013
Regkey: {90150000-00E1-040D-0000-0000000FF1CE}
********************************************************************************

Display Name: Service Pack 1 for Microsoft Office 2013 (KB2850036) 32-Bit Edition
Regkey: {90150000-00E1-040D-0000-0000000FF1CE}_Office15.PROPLUS_{6FE075D9-5588-4CB1-9136-188940B32DED}
********************************************************************************

Display Name: Microsoft Office OSM UX MUI (Hebrew) 2013
Regkey: {90150000-00E2-040D-0000-0000000FF1CE}
********************************************************************************

Display Name: Service Pack 1 for Microsoft Office 2013 (KB2850036) 32-Bit Edition
Regkey: {90150000-00E2-040D-0000-0000000FF1CE}_Office15.PROPLUS_{6FE075D9-5588-4CB1-9136-188940B32DED}
********************************************************************************

Display Name: Microsoft Lync MUI (Hebrew) 2013
Regkey: {90150000-012B-040D-0000-0000000FF1CE}
********************************************************************************

Display Name: Update for Microsoft Word 2013 (KB2889939) 32-Bit Edition
Regkey: {90150000-012B-040D-0000-0000000FF1CE}_Office15.PROPLUS_{549B6392-4113-45E8-908F-DBC9C13EEFF3}
********************************************************************************

Display Name: Update for Microsoft Lync 2013 (KB2889929) 32-Bit Edition
Regkey: {90150000-012B-040D-0000-0000000FF1CE}_Office15.PROPLUS_{5739A229-D2C6-4579-A21F-B7AFD1834DFD}
********************************************************************************

Display Name: Service Pack 1 for Microsoft Office 2013 (KB2850036) 32-Bit Edition
Regkey: {90150000-012B-040D-0000-0000000FF1CE}_Office15.PROPLUS_{6FE075D9-5588-4CB1-9136-188940B32DED}
********************************************************************************

Display Name: Update for Microsoft Lync 2013 (KB2881083) 32-Bit Edition
Regkey: {90150000-012B-040D-0000-0000000FF1CE}_Office15.PROPLUS_{B9F2B9F6-3C55-4192-BDD7-D43C961ED5AD}
********************************************************************************

Display Name: Microsoft Portable Library Multi-Targeting Pack
Regkey: {9027FE9C-5488-30C3-AA42-7330D25BF92D}
********************************************************************************

Display Name: Security Update for Microsoft .NET Framework 4.5.1 (KB2898869)
Regkey: {92FB6C44-E685-45AD-9B20-CADF4CABA132}.KB2898869
********************************************************************************

Display Name: Security Update for Microsoft .NET Framework 4.5.1 (KB2972107)
Regkey: {92FB6C44-E685-45AD-9B20-CADF4CABA132}.KB2972107
********************************************************************************

Display Name: Build Tools Language Resources - x86
Regkey: {9347889B-C22A-3905-901F-C05D8F73C929}
********************************************************************************

Display Name: PreEmptive Analytics Visual Studio Components
Regkey: {943F3FB1-3F9C-4FB7-A4E2-6D53617068C3}
********************************************************************************

Display Name: Microsoft Visual C++ 2012 Redistributable (x86) - 11.0.60610
Regkey: {95716cce-fc71-413f-8ad5-56c2892d4b3a}
********************************************************************************

Display Name: Microsoft Visual C++  x64-x86 Cross Compilers - ENU Resources
Regkey: {96563105-F726-4865-8C32-416753ECA5F1}
********************************************************************************

Display Name: Microsoft SharePoint 2013 Developer Tools for Visual Studio 2012 Nuget Package
Regkey: {97592A5E-6A50-38E0-885C-7334BA7A43D8}
********************************************************************************

Display Name: Microsoft .NET Framework 4.5.1 RC Multi-Targeting Pack for Windows Store Apps
Regkey: {976C3D92-0DEC-37A6-A870-FF4FC18CD029}
********************************************************************************

Display Name: Microsoft ASP.NET MVC 4 - Visual Studio 2013 - ENU
Regkey: {979C7495-FB42-484E-92EA-7F2A59DD7718}
********************************************************************************

Display Name: Windows Software Development Kit
Regkey: {984022F2-9BCA-A41D-6A38-1AE658F01415}
********************************************************************************

Display Name: Microsoft Visual Studio 2013 Shell (Minimum) Resources
Regkey: {985EF141-95DD-3934-8F23-7C2C4C61E5F7}
********************************************************************************

Display Name: Microsoft Visual C++ 2008 Redistributable - x86 9.0.30729.17
Regkey: {9A25302D-30C0-39D9-BD6F-21E6EC160475}
********************************************************************************

Display Name: Microsoft Expression Blend SDK for .NET 4
Regkey: {9B3A1C97-A361-463E-8817-444F9F88CDFE}
********************************************************************************

Display Name: Microsoft Visual C++ 2008 Redistributable - x86 9.0.30729.6161
Regkey: {9BE518E6-ECC6-35A9-88E4-87755C07200F}
********************************************************************************

Display Name: Microsoft Visual Studio Professional 2013
Regkey: {9C593464-7F2F-37B3-89F8-7E894E3B09EA}
********************************************************************************

Display Name: REALTEK Bluetooth Driver
Regkey: {9D3D8C60-A5EF-4123-B2B9-172095903AB}
********************************************************************************

Display Name: Microsoft LightSwitch for Visual Studio 2013 v4.0 Tools
Regkey: {9E673C3F-423B-458E-8EA4-9AE87C49AFC8}
********************************************************************************

Display Name: Blend for Visual Studio 2013 ENU resources
Regkey: {9ED1634C-4E71-4992-A1BA-7C4BE6EE39E1}
********************************************************************************

Display Name: Microsoft Visual C++ 2012 Redistributable (x64) - 11.0.60610
Regkey: {a1909659-0a08-4554-8af1-2175904903a1}
********************************************************************************

Display Name: Windows Software Development Kit DirectX x86 Remote
Regkey: {A1CB8286-CFB3-A985-D799-721A0F2A27F3}
********************************************************************************

Display Name: Microsoft Visual C++ 2013 Extended Libraries
Regkey: {A1D06677-1103-32DE-AA74-6EE44DCF7F81}
********************************************************************************

Display Name: Microsoft .NET Framework 4.5.1 RC Multi-Targeting Pack for Windows Store Apps (ENU)
Regkey: {A223B446-EC3D-3031-828D-5188800AB782}
********************************************************************************

Display Name: Microsoft C++ REST SDK for Visual Studio 2013
Regkey: {A2CCB3C1-3DF9-4E3E-8D3F-DDBBCDDB28B5}
********************************************************************************

Display Name: Microsoft Visual C++  x86 Libraries
Regkey: {A3B8D9FB-CA7D-4487-8CA2-A6A2C8AD1077}
********************************************************************************

Display Name: Microsoft SQL Server System CLR Types
Regkey: {A47FD1BF-A815-4A76-BE65-53A15BD5D25D}
********************************************************************************

Display Name: REALTEK Wireless LAN Driver
Regkey: {A5107464-AA9B-4177-8129-5FF2F42DD322}
********************************************************************************

Display Name: Windows Software Development Kit DirectX x86 Remote
Regkey: {A6030DAD-1600-F767-C8DD-C722ADFE8FBC}
********************************************************************************

Display Name: Microsoft Visual C++  ARM Libraries
Regkey: {A8229A09-E570-412B-8D18-E78985673E34}
********************************************************************************

Display Name: Google Update Helper
Regkey: {A92DAB39-4E2C-4304-9AB6-BC44E68B55E2}
********************************************************************************

Display Name: Microsoft Visual Studio 2013 IntelliTrace Core x86
Regkey: {AA0964AF-0F95-4A72-BD29-F833A382EDC2}
********************************************************************************

Display Name: Adobe Reader X (10.1.12)
Regkey: {AC76BA86-7AD7-1033-7B44-AA1000000001}
********************************************************************************

Display Name: Microsoft Visual Studio 2013 Shell (Minimum) Interop Assemblies
Regkey: {AE937DBA-FEFD-3BFE-9860-0591C0F91D61}
********************************************************************************

Display Name: Cisco LEAP Module
Regkey: {AF312B06-5C5C-468E-89B3-BE6DE2645722}
********************************************************************************

Display Name: Microsoft Visual Studio Premium 2013
Regkey: {B0A82E02-E959-3C46-AB11-D38527BC573E}
********************************************************************************

Display Name: LocalESPCui for en-us Dev12
Regkey: {B1C38F27-D377-8C98-D98D-29B67C0B978D}
********************************************************************************

Display Name: HP Theft Recovery
Regkey: {B1E569B6-A5EB-4C97-9F93-9ED2AA99AF0E}
********************************************************************************

Display Name: HP Support Information
Regkey: {B2B7B1C8-7C8B-476C-BE2C-049731C55992}
********************************************************************************

Display Name: Microsoft Visual C++  x64-arm Cross Compilers - ENU Resources
Regkey: {B3C98C29-A2BE-455F-9285-13B745282271}
********************************************************************************

Display Name: CyberLink PowerDVD 12
Regkey: {B46BEA36-0B71-4A4E-AE41-87241643FA0A}
********************************************************************************

Display Name: Microsoft ASP.NET Web Pages 2 Runtime
Regkey: {B536762B-1047-4B51-8ECF-46D5686E5416}
********************************************************************************

Display Name: HP System Default Settings
Regkey: {B5BEF5F8-BD76-4174-A47D-05A06EA62615}
********************************************************************************

Display Name: Microsoft Visual Studio 2013 Devenv
Regkey: {B6A0A174-33E0-3D42-92EA-547D318CB149}
********************************************************************************

Display Name: Microsoft LightSwitch v4.0 SDK
Regkey: {B86C786E-11A2-4CAB-BB2E-D7CD5D65D552}
********************************************************************************

Display Name: Microsoft Visual C++  x64 Native Compilers - ENU Resources
Regkey: {BB0D9EE5-F7B1-4986-AF62-DB3BED9A83BC}
********************************************************************************

Display Name: Adobe Flash Player 15 ActiveX
Regkey: {BC8AC77D-6A6F-491F-BEED-2958F09C6CAE}
********************************************************************************

Display Name: Microsoft Web Developer Tools 2013 - Visual Studio 2013
Regkey: {BD63060C-F4C7-4E86-9C2A-4A102E7EE12C}
********************************************************************************

Display Name: Windows Azure Shared Components for Microsoft Visual Studio 2013 - v1.0
Regkey: {BD72C04F-892F-48EE-A236-CC10891610D6}
********************************************************************************

Display Name: WCF Data Services Tools for Microsoft Visual Studio 2013
Regkey: {BF3E2194-F89B-44FB-A801-464BF787599F}
********************************************************************************

Display Name: Microsoft Report Viewer Add-On for Visual Studio 2013
Regkey: {C00453B2-27AD-4858-A20D-F44E39481C7D}
********************************************************************************

Display Name: HP Connection Manager
Regkey: {C0ED9561-8312-457C-BB1B-BDC7EE034CED}
********************************************************************************

Display Name: Microsoft Visual C++  x64-x86 Cross Compilers
Regkey: {C1D0E508-ECAF-45AA-A549-1E26B9ECE0FB}
********************************************************************************

Display Name: Microsoft Visual Studio 2013 Devenv Resources
Regkey: {C26C1495-8EBE-3F71-BDA1-7DE2010840D8}
********************************************************************************

Display Name: Microsoft Visual Studio Ultimate 2013 XAML UI Designer Core
Regkey: {C5A17590-8CBE-3581-965D-EF183BE07920}
********************************************************************************

Display Name: Team Explorer for Microsoft Visual Studio 2013
Regkey: {C9E7751E-88ED-36CF-B610-71A1D262E906}
********************************************************************************

Display Name: Microsoft Advertising Service Extension for Visual Studio
Regkey: {CDECCD37-EBCE-4AF8-8D1C-5DF13194FEA1}
********************************************************************************

Display Name: Microsoft .NET Framework 4 Multi-Targeting Pack
Regkey: {CFEF48A8-BFB8-3EAC-8BA5-DE4F8AA267CE}
********************************************************************************

Display Name: Update for  (KB2504637)
Regkey: {CFEF48A8-BFB8-3EAC-8BA5-DE4F8AA267CE}.KB2504637
********************************************************************************

Display Name: Microsoft .NET Framework 4.5.1 Multi-Targeting Pack (ENU)
Regkey: {D3517C62-68A5-37CF-92F7-93C029A89681}
********************************************************************************

Display Name: Microsoft Visual C++ 2013 Core Libraries
Regkey: {D42681AA-BC16-3C84-949E-45F05D2AA997}
********************************************************************************

Display Name: Microsoft LightSwitch for Visual Studio 2013 v4.0 ToolsRes - ENU
Regkey: {D574CE3E-0376-4BED-B609-5C2C2AD655ED}
********************************************************************************

Display Name: Windows Azure Mobile Services Tools for Visual Studio 2013 Preview - v1.0
Regkey: {D69874BF-D864-4EB2-91C3-2EDD05A64F70}
********************************************************************************

Display Name: Microsoft Visual C++ 2013 Compilers
Regkey: {DB5600F1-DE83-46DE-B162-5FC4400EAF5B}
********************************************************************************

Display Name: Microsoft Visual C++  x64 Native Compilers
Regkey: {DE0E8FAF-9758-4BFD-A16E-009DB4B8C912}
********************************************************************************

Display Name: Microsoft SharePoint 2013 Developer Tools for Visual Studio ENU Language Pack
Regkey: {DF15CD8F-9295-3AD9-B814-7A60184AA1CD}
********************************************************************************

Display Name: Microsoft Silverlight 5 SDK
Regkey: {E1FBB3D4-ADB0-4949-B101-855DA061C735}
********************************************************************************

Display Name: Microsoft Visual C++ 2013 x86 Debug Runtime - 12.0.21005
Regkey: {E5CAE8D2-9F9F-3BEA-AA0F-B5B40611C704}
********************************************************************************

Display Name: Microsoft Visual C++ 2013 Compilers - ENU Resources
Regkey: {E6F3851E-CEEB-4ECB-A6FA-337C8F662E3D}
********************************************************************************

Display Name: Microsoft Visual C++ 2012 x86 Minimum Runtime - 11.0.60610
Regkey: {E7D4E834-93EB-351F-B8FB-82CDAE623003}
********************************************************************************

Regkey: {E8B82FCB-97E9-4BE2-851F-60B6C2994998}
********************************************************************************

Display Name: Microsoft Visual Studio Professional 2013 - ENU
Regkey: {E9674444-9491-3961-873C-017D8912185E}
********************************************************************************

Display Name: Microsoft ASP.NET MVC 4 Runtime
Regkey: {EB25848D-AADC-40D7-914E-CB2E25AB5E59}
********************************************************************************

Display Name: JavaScript Tooling
Regkey: {EB37C117-9C83-4696-A493-8AFBAC8F9FFC}
********************************************************************************

Display Name: Microsoft Visual Studio Ultimate 2013 XAML UI Designer enu Resources
Regkey: {EB514FFD-5FBA-3C53-94F8-3A2B96C5E7A8}
********************************************************************************

Display Name: Blend for Visual Studio 2013
Regkey: {EBC890A6-DE7C-44B4-AA03-119B6190D3E1}
********************************************************************************

Display Name: Microsoft Visual Studio Premium 2013 - ENU
Regkey: {ED6C8E61-363B-355C-80C7-E676BC781478}
********************************************************************************

Display Name: Python Tools Redirection Template
Regkey: {EE541DCE-3018-4A12-B0A3-7C55D62B3D01}
********************************************************************************

Display Name: Microsoft Visual C++ 2010  x86 Redistributable - 10.0.40219
Regkey: {F0C3E5D1-1ADE-321E-8167-68EF0DE699A5}
********************************************************************************

Regkey: {F0C3E5D1-1ADE-321E-8167-68EF0DE699A5}.KB2151757
********************************************************************************

Regkey: {F0C3E5D1-1ADE-321E-8167-68EF0DE699A5}.KB2467173
********************************************************************************

Regkey: {F0C3E5D1-1ADE-321E-8167-68EF0DE699A5}.KB2524860
********************************************************************************

Regkey: {F0C3E5D1-1ADE-321E-8167-68EF0DE699A5}.KB2544655
********************************************************************************

Regkey: {F0C3E5D1-1ADE-321E-8167-68EF0DE699A5}.KB2549743
********************************************************************************

Regkey: {F0C3E5D1-1ADE-321E-8167-68EF0DE699A5}.KB2565063
********************************************************************************

Regkey: {F0C3E5D1-1ADE-321E-8167-68EF0DE699A5}.KB982573
********************************************************************************

Display Name: Intel(R) Processor Graphics
Regkey: {F0E3AD40-2BBD-4360-9C76-B9AC9A5886EA}
********************************************************************************

Display Name: Realtek High Definition Audio Driver
Regkey: {F132AF7F-7BCA-4EDE-8A7C-958108FE7DBC}
********************************************************************************

Display Name: ArcGIS ArcReader 10
Regkey: {F1D00E37-3B2F-4A08-8765-486EB440CD04}
********************************************************************************

Display Name: Microsoft Portable Library Multi-Targeting Pack Language Pack - enu
Regkey: {F20914BB-FD5F-3A3A-8CDF-DF5ADEFD9451}
********************************************************************************

Display Name: Windows XP Targeting with C++
Regkey: {F361FE04-789E-42F3-BBAB-E7B380AA5E06}
********************************************************************************

Display Name: Windows App Certification Kit x64
Regkey: {F395FD4F-40E5-7B56-2BCB-B3CF52B3B52C}
********************************************************************************

Display Name: HP Software Setup
Regkey: {F6D61EC9-347B-4019-9F8E-E24169F7C330}
********************************************************************************

Display Name: Microsoft Visual C++ 2013 x86 Additional Runtime - 12.0.21005
Regkey: {F8CFEB22-A2E7-3971-9EDA-4B11EDEFC185}
********************************************************************************

Display Name: Build Tools - x86
Regkey: {FB3A15FD-FC67-3A2F-892B-6890B0C56EA9}
********************************************************************************

Display Name: Energy Star
Regkey: {FC0ADA4D-8FA5-4452-8AFF-F0A0BAC97EF7}
********************************************************************************

Display Name: Visual Studio Extensions for Windows Library for JavaScript
Regkey: {FF39514D-E2EB-40BA-A23F-C83B8E0ED110}
